<?xml version="1.0" encoding="UTF-8"?>
<!-- Generated by org.testng.reporters.JUnitReportReporter -->
<testsuite hostname="DESKTOP-7QUSM76" name="com.training.sanity.tests.RTTC_031_InvalidLogin" tests="2" failures="0" timestamp="13 May 2020 18:17:32 GMT" time="26.489" errors="0">
  <testcase name="enterLoginDetails" time="11.415" classname="com.training.sanity.tests.RTTC_031_InvalidLogin"/>
  <testcase name="openLoginPage" time="15.074" classname="com.training.sanity.tests.RTTC_031_InvalidLogin"/>
</testsuite> <!-- com.training.sanity.tests.RTTC_031_InvalidLogin -->
