<?xml version="1.0" encoding="UTF-8"?>
<!-- Generated by org.testng.reporters.JUnitReportReporter -->
<testsuite hostname="DESKTOP-7QUSM76" name="com.training.sanity.tests.RTTC_003_UserRecoverPswdTests" tests="3" failures="0" timestamp="13 May 2020 14:14:17 GMT" time="24.109" errors="0">
  <testcase name="openLoginPage" time="13.308" classname="com.training.sanity.tests.RTTC_003_UserRecoverPswdTests"/>
  <testcase name="clickForgottenPassword" time="5.257" classname="com.training.sanity.tests.RTTC_003_UserRecoverPswdTests"/>
  <testcase name="enterRecoveryPasswordDetails" time="5.544" classname="com.training.sanity.tests.RTTC_003_UserRecoverPswdTests"/>
</testsuite> <!-- com.training.sanity.tests.RTTC_003_UserRecoverPswdTests -->
