<?xml version="1.0" encoding="UTF-8"?>
<!-- Generated by org.testng.reporters.JUnitReportReporter -->
<testsuite hostname="DESKTOP-7QUSM76" name="com.training.sanity.tests.RTTC_063_AdminProductAdd" tests="3" failures="0" timestamp="26 May 2020 16:40:12 GMT" time="58.305" errors="0">
  <testcase name="userLogin" time="22.489" classname="com.training.sanity.tests.RTTC_063_AdminProductAdd"/>
  <testcase name="loginAdmin" time="11.371" classname="com.training.sanity.tests.RTTC_063_AdminProductAdd"/>
  <testcase name="accessProductAddPage" time="24.445" classname="com.training.sanity.tests.RTTC_063_AdminProductAdd"/>
</testsuite> <!-- com.training.sanity.tests.RTTC_063_AdminProductAdd -->
