<?xml version="1.0" encoding="UTF-8"?>
<!-- Generated by org.testng.reporters.JUnitReportReporter -->
<testsuite hostname="DESKTOP-7QUSM76" name="com.training.sanity.tests.LoginExcelTest" tests="2" failures="0" timestamp="21 May 2020 18:18:26 GMT" time="68.033" errors="0">
  <testcase name="loginDBTest" time="34.882" classname="com.training.sanity.tests.LoginExcelTest"/>
  <testcase name="loginDBTest" time="33.151" classname="com.training.sanity.tests.LoginExcelTest"/>
</testsuite> <!-- com.training.sanity.tests.LoginExcelTest -->
