<?xml version="1.0" encoding="UTF-8"?>
<!-- Generated by org.testng.reporters.JUnitReportReporter -->
<testsuite hostname="DESKTOP-7QUSM76" name="com.training.sanity.tests.RTTC_033_OrderProductAfterLogin" tests="4" failures="0" timestamp="18 May 2020 18:39:46 GMT" time="76.010" errors="0">
  <testcase name="clickCheckout" time="23.232" classname="com.training.sanity.tests.RTTC_033_OrderProductAfterLogin"/>
  <testcase name="clickAddtoCartButton" time="3.168" classname="com.training.sanity.tests.RTTC_033_OrderProductAfterLogin"/>
  <testcase name="openLoginPage" time="37.360" classname="com.training.sanity.tests.RTTC_033_OrderProductAfterLogin"/>
  <testcase name="accessCart" time="12.250" classname="com.training.sanity.tests.RTTC_033_OrderProductAfterLogin"/>
</testsuite> <!-- com.training.sanity.tests.RTTC_033_OrderProductAfterLogin -->
