<?xml version="1.0" encoding="UTF-8"?>
<!-- Generated by org.testng.reporters.JUnitReportReporter -->
<testsuite hostname="DESKTOP-7QUSM76" name="com.training.sanity.tests.RTTC_032_AddProductToCart_PreLogin" tests="5" failures="0" timestamp="18 May 2020 18:47:23 GMT" time="45.369" errors="0">
  <testcase name="clickAddtoCartButton" time="3.453" classname="com.training.sanity.tests.RTTC_032_AddProductToCart_PreLogin"/>
  <testcase name="clickcheckout" time="7.494" classname="com.training.sanity.tests.RTTC_032_AddProductToCart_PreLogin"/>
  <testcase name="closeBrowser" time="1.346" classname="com.training.sanity.tests.RTTC_032_AddProductToCart_PreLogin"/>
  <testcase name="accessCart" time="12.409" classname="com.training.sanity.tests.RTTC_032_AddProductToCart_PreLogin"/>
  <testcase name="scrolldownFindElement" time="20.667" classname="com.training.sanity.tests.RTTC_032_AddProductToCart_PreLogin"/>
</testsuite> <!-- com.training.sanity.tests.RTTC_032_AddProductToCart_PreLogin -->
