<?xml version="1.0" encoding="UTF-8"?>
<!-- Generated by org.testng.reporters.JUnitReportReporter -->
<testsuite hostname="DESKTOP-7QUSM76" name="com.training.sanity.tests.RTTC_061_UserRegistrationExcel" tests="5" failures="0" timestamp="24 May 2020 20:29:58 GMT" time="265.456" errors="0">
  <testcase name="tearDown" time="2.010" classname="com.training.sanity.tests.RTTC_061_UserRegistrationExcel"/>
  <testcase name="enterRegistrationDetails" time="71.457" classname="com.training.sanity.tests.RTTC_061_UserRegistrationExcel"/>
  <testcase name="enterRegistrationDetails" time="63.336" classname="com.training.sanity.tests.RTTC_061_UserRegistrationExcel"/>
  <testcase name="enterRegistrationDetails" time="64.544" classname="com.training.sanity.tests.RTTC_061_UserRegistrationExcel"/>
  <testcase name="enterRegistrationDetails" time="64.109" classname="com.training.sanity.tests.RTTC_061_UserRegistrationExcel"/>
</testsuite> <!-- com.training.sanity.tests.RTTC_061_UserRegistrationExcel -->
